{"C:\\Users\\Avi\\Desktop\\namaskaram-react\\src\\components\\Contact.jsx": {"path":"C:\\Users\\Avi\\Desktop\\namaskaram-react\\src\\components\\Contact.jsx","statementMap":{"0":{"start":{"line":4,"column":2},"end":{"line":27,"column":4}}},"fnMap":{"0":{"name":"Contact","decl":{"start":{"line":3,"column":9},"end":{"line":3,"column":16}},"loc":{"start":{"line":3,"column":19},"end":{"line":28,"column":1}},"line":3}},"branchMap":{},"s":{"0":4},"f":{"0":4},"b":{},"_coverageSchema":"1a1c01bbd47fc00a2c39e90264f33305004495a9","hash":"f00b0da72f47ef3b94a1c95f57033d7a5ca49df5"}
,"C:\\Users\\Avi\\Desktop\\namaskaram-react\\src\\components\\Header.jsx": {"path":"C:\\Users\\Avi\\Desktop\\namaskaram-react\\src\\components\\Header.jsx","statementMap":{"0":{"start":{"line":12,"column":15},"end":{"line":107,"column":1}},"1":{"start":{"line":13,"column":34},"end":{"line":13,"column":51}},"2":{"start":{"line":16,"column":23},"end":{"line":16,"column":40}},"3":{"start":{"line":18,"column":20},"end":{"line":18,"column":60}},"4":{"start":{"line":18,"column":43},"end":{"line":18,"column":59}},"5":{"start":{"line":19,"column":2},"end":{"line":19,"column":25}},"6":{"start":{"line":21,"column":2},"end":{"line":106,"column":4}},"7":{"start":{"line":94,"column":16},"end":{"line":96,"column":41}}},"fnMap":{"0":{"name":"(anonymous_0)","decl":{"start":{"line":12,"column":15},"end":{"line":12,"column":16}},"loc":{"start":{"line":12,"column":21},"end":{"line":107,"column":1}},"line":12},"1":{"name":"(anonymous_1)","decl":{"start":{"line":18,"column":32},"end":{"line":18,"column":33}},"loc":{"start":{"line":18,"column":43},"end":{"line":18,"column":59}},"line":18},"2":{"name":"(anonymous_2)","decl":{"start":{"line":93,"column":23},"end":{"line":93,"column":24}},"loc":{"start":{"line":93,"column":29},"end":{"line":97,"column":15}},"line":93}},"branchMap":{"0":{"loc":{"start":{"line":47,"column":28},"end":{"line":47,"column":54}},"type":"cond-expr","locations":[{"start":{"line":47,"column":43},"end":{"line":47,"column":47}},{"start":{"line":47,"column":50},"end":{"line":47,"column":54}}],"line":47},"1":{"loc":{"start":{"line":94,"column":16},"end":{"line":96,"column":40}},"type":"cond-expr","locations":[{"start":{"line":95,"column":20},"end":{"line":95,"column":41}},{"start":{"line":96,"column":20},"end":{"line":96,"column":40}}],"line":94}},"s":{"0":1,"1":3,"2":3,"3":3,"4":5,"5":3,"6":3,"7":1},"f":{"0":3,"1":5,"2":1},"b":{"0":[3,0],"1":[1,0]},"_coverageSchema":"1a1c01bbd47fc00a2c39e90264f33305004495a9","hash":"ff1395ba62d2b5bb06fbb28381cd0758ee5ae5c8"}
,"C:\\Users\\Avi\\Desktop\\namaskaram-react\\src\\components\\sum.js": {"path":"C:\\Users\\Avi\\Desktop\\namaskaram-react\\src\\components\\sum.js","statementMap":{"0":{"start":{"line":1,"column":19},"end":{"line":3,"column":1}},"1":{"start":{"line":2,"column":2},"end":{"line":2,"column":15}}},"fnMap":{"0":{"name":"(anonymous_0)","decl":{"start":{"line":1,"column":19},"end":{"line":1,"column":20}},"loc":{"start":{"line":1,"column":29},"end":{"line":3,"column":1}},"line":1}},"branchMap":{},"s":{"0":1,"1":1},"f":{"0":1},"b":{},"_coverageSchema":"1a1c01bbd47fc00a2c39e90264f33305004495a9","hash":"3becf142003a3c893aba2582520c7ccdeb7c55cb"}
,"C:\\Users\\Avi\\Desktop\\namaskaram-react\\src\\utils\\appStore.js": {"path":"C:\\Users\\Avi\\Desktop\\namaskaram-react\\src\\utils\\appStore.js","statementMap":{"0":{"start":{"line":4,"column":17},"end":{"line":8,"column":2}}},"fnMap":{},"branchMap":{},"s":{"0":1},"f":{},"b":{},"_coverageSchema":"1a1c01bbd47fc00a2c39e90264f33305004495a9","hash":"9421e02dd4a80e67c33b42d0fe9505f40f551be3"}
,"C:\\Users\\Avi\\Desktop\\namaskaram-react\\src\\utils\\cartSlice.js": {"path":"C:\\Users\\Avi\\Desktop\\namaskaram-react\\src\\utils\\cartSlice.js","statementMap":{"0":{"start":{"line":3,"column":18},"end":{"line":19,"column":2}},"1":{"start":{"line":10,"column":6},"end":{"line":10,"column":39}},"2":{"start":{"line":13,"column":6},"end":{"line":13,"column":24}},"3":{"start":{"line":16,"column":6},"end":{"line":16,"column":29}},"4":{"start":{"line":21,"column":50},"end":{"line":21,"column":67}}},"fnMap":{"0":{"name":"(anonymous_0)","decl":{"start":{"line":9,"column":13},"end":{"line":9,"column":14}},"loc":{"start":{"line":9,"column":32},"end":{"line":11,"column":5}},"line":9},"1":{"name":"(anonymous_1)","decl":{"start":{"line":12,"column":16},"end":{"line":12,"column":17}},"loc":{"start":{"line":12,"column":27},"end":{"line":14,"column":5}},"line":12},"2":{"name":"(anonymous_2)","decl":{"start":{"line":15,"column":15},"end":{"line":15,"column":16}},"loc":{"start":{"line":15,"column":26},"end":{"line":17,"column":5}},"line":15}},"branchMap":{},"s":{"0":1,"1":0,"2":0,"3":0,"4":1},"f":{"0":0,"1":0,"2":0},"b":{},"_coverageSchema":"1a1c01bbd47fc00a2c39e90264f33305004495a9","hash":"c1b0c3a99914e78cbeba622c21ceca37baa683ae"}
,"C:\\Users\\Avi\\Desktop\\namaskaram-react\\src\\utils\\constants.js": {"path":"C:\\Users\\Avi\\Desktop\\namaskaram-react\\src\\utils\\constants.js","statementMap":{"0":{"start":{"line":2,"column":2},"end":{"line":2,"column":85}},"1":{"start":{"line":5,"column":2},"end":{"line":5,"column":144}},"2":{"start":{"line":8,"column":2},"end":{"line":8,"column":125}}},"fnMap":{},"branchMap":{},"s":{"0":1,"1":1,"2":1},"f":{},"b":{},"_coverageSchema":"1a1c01bbd47fc00a2c39e90264f33305004495a9","hash":"dc4bc27ccca699293b22e51d87333e1fb0f8e9c4"}
,"C:\\Users\\Avi\\Desktop\\namaskaram-react\\src\\utils\\useOnlineStatus.js": {"path":"C:\\Users\\Avi\\Desktop\\namaskaram-react\\src\\utils\\useOnlineStatus.js","statementMap":{"0":{"start":{"line":3,"column":24},"end":{"line":27,"column":1}},"1":{"start":{"line":4,"column":42},"end":{"line":4,"column":68}},"2":{"start":{"line":7,"column":2},"end":{"line":24,"column":9}},"3":{"start":{"line":8,"column":25},"end":{"line":11,"column":5}},"4":{"start":{"line":9,"column":6},"end":{"line":9,"column":33}},"5":{"start":{"line":10,"column":6},"end":{"line":10,"column":28}},"6":{"start":{"line":12,"column":26},"end":{"line":15,"column":5}},"7":{"start":{"line":13,"column":6},"end":{"line":13,"column":34}},"8":{"start":{"line":14,"column":6},"end":{"line":14,"column":29}},"9":{"start":{"line":17,"column":4},"end":{"line":17,"column":52}},"10":{"start":{"line":18,"column":4},"end":{"line":18,"column":54}},"11":{"start":{"line":20,"column":4},"end":{"line":23,"column":6}},"12":{"start":{"line":21,"column":6},"end":{"line":21,"column":57}},"13":{"start":{"line":22,"column":6},"end":{"line":22,"column":59}},"14":{"start":{"line":26,"column":2},"end":{"line":26,"column":22}}},"fnMap":{"0":{"name":"(anonymous_0)","decl":{"start":{"line":3,"column":24},"end":{"line":3,"column":25}},"loc":{"start":{"line":3,"column":30},"end":{"line":27,"column":1}},"line":3},"1":{"name":"(anonymous_1)","decl":{"start":{"line":7,"column":12},"end":{"line":7,"column":13}},"loc":{"start":{"line":7,"column":18},"end":{"line":24,"column":3}},"line":7},"2":{"name":"(anonymous_2)","decl":{"start":{"line":8,"column":25},"end":{"line":8,"column":26}},"loc":{"start":{"line":8,"column":31},"end":{"line":11,"column":5}},"line":8},"3":{"name":"(anonymous_3)","decl":{"start":{"line":12,"column":26},"end":{"line":12,"column":27}},"loc":{"start":{"line":12,"column":32},"end":{"line":15,"column":5}},"line":12},"4":{"name":"(anonymous_4)","decl":{"start":{"line":20,"column":11},"end":{"line":20,"column":12}},"loc":{"start":{"line":20,"column":17},"end":{"line":23,"column":5}},"line":20}},"branchMap":{},"s":{"0":1,"1":3,"2":3,"3":2,"4":0,"5":0,"6":2,"7":0,"8":0,"9":2,"10":2,"11":2,"12":2,"13":2,"14":3},"f":{"0":3,"1":2,"2":0,"3":0,"4":2},"b":{},"_coverageSchema":"1a1c01bbd47fc00a2c39e90264f33305004495a9","hash":"a22550a8d339bf9b20f76f3049db14ba12c8d52d"}
}
