TN:
SF:src\components\Contact.jsx
FN:3,Contact
FNF:1
FNH:1
FNDA:4,Contact
DA:4,4
LF:1
LH:1
BRF:0
BRH:0
end_of_record
TN:
SF:src\components\Header.jsx
FN:12,(anonymous_0)
FN:18,(anonymous_1)
FN:93,(anonymous_2)
FNF:3
FNH:2
FNDA:1,(anonymous_0)
FNDA:2,(anonymous_1)
FNDA:0,(anonymous_2)
DA:12,1
DA:13,1
DA:16,1
DA:18,2
DA:19,1
DA:21,1
DA:94,0
LF:7
LH:6
BRDA:47,0,0,1
BRDA:47,0,1,0
BRDA:94,1,0,0
BRDA:94,1,1,0
BRF:4
BRH:1
end_of_record
TN:
SF:src\components\sum.js
FN:1,(anonymous_0)
FNF:1
FNH:1
FNDA:1,(anonymous_0)
DA:1,1
DA:2,1
LF:2
LH:2
BRF:0
BRH:0
end_of_record
TN:
SF:src\utils\appStore.js
FNF:0
FNH:0
DA:4,1
LF:1
LH:1
BRF:0
BRH:0
end_of_record
TN:
SF:src\utils\cartSlice.js
FN:9,(anonymous_0)
FN:12,(anonymous_1)
FN:15,(anonymous_2)
FNF:3
FNH:0
FNDA:0,(anonymous_0)
FNDA:0,(anonymous_1)
FNDA:0,(anonymous_2)
DA:3,1
DA:10,0
DA:13,0
DA:16,0
DA:21,1
LF:5
LH:2
BRF:0
BRH:0
end_of_record
TN:
SF:src\utils\constants.js
FNF:0
FNH:0
DA:2,1
DA:5,1
DA:8,1
LF:3
LH:3
BRF:0
BRH:0
end_of_record
TN:
SF:src\utils\useOnlineStatus.js
FN:3,(anonymous_0)
FN:7,(anonymous_1)
FN:8,(anonymous_2)
FN:12,(anonymous_3)
FN:20,(anonymous_4)
FNF:5
FNH:3
FNDA:1,(anonymous_0)
FNDA:1,(anonymous_1)
FNDA:0,(anonymous_2)
FNDA:0,(anonymous_3)
FNDA:1,(anonymous_4)
DA:3,1
DA:4,1
DA:7,1
DA:8,1
DA:9,0
DA:10,0
DA:12,1
DA:13,0
DA:14,0
DA:17,1
DA:18,1
DA:20,1
DA:21,1
DA:22,1
DA:26,1
LF:15
LH:11
BRF:0
BRH:0
end_of_record
